[2023-08-11 16:04:06.288] [info] Checking for update
[2023-08-11 16:04:06.317] [info] Error reading /home/arch_enjoyer/.config/notion-app/cookies.json {
  constructor: 'Error',
  errno: -2,
  syscall: 'open',
  code: 'ENOENT',
  path: '/home/arch_enjoyer/.config/notion-app/cookies.json',
  stack: "Error: /home/arch_enjoyer/.config/notion-app/cookies.json: ENOENT: no such file or directory, open '/home/arch_enjoyer/.config/notion-app/cookies.json'\n" +
    '    at Object.openSync (fs.js:466:3)\n' +
    '    at Object.func [as openSync] (electron/js2c/asar_bundle.js:5:1812)\n' +
    '    at Object.readFileSync (fs.js:368:35)\n' +
    '    at Object.e.readFileSync (electron/js2c/asar_bundle.js:5:8592)\n' +
    '    at Object.readFileSync (/opt/Notion/resources/app.asar/node_modules/jsonfile/index.js:61:22)\n' +
    '    at JsonStore.loadSync (/opt/Notion/resources/app.asar/main/JsonStore.js:38:44)\n' +
    '    at new JsonStore (/opt/Notion/resources/app.asar/main/JsonStore.js:15:14)\n' +
    '    at Object.<anonymous> (/opt/Notion/resources/app.asar/main/schemeHandler.js:37:25)\n' +
    '    at Module._compile (internal/modules/cjs/loader.js:1152:30)\n' +
    '    at Object.Module._extensions..js (internal/modules/cjs/loader.js:1173:10)'
}
[2023-08-11 16:04:06.697] [info] {
  level: 'info',
  from: 'AssetCache',
  type: 'latestVersionPath',
  data: {
    message: 'latestVersion.json path /home/arch_enjoyer/.config/notion-app/notionAssetCache-v2/latestVersion.json'
  }
}
[2023-08-11 16:04:06.699] [error] Error: Error: ENOENT: no such file or directory, open '/opt/Notion/resources/app-update.yml'
[2023-08-11 16:04:06.700] [info] {
  level: 'info',
  from: 'autoUpdater',
  type: 'unsupportedLinuxApp',
  error: {
    name: 'Error',
    message: "ENOENT: no such file or directory, open '/opt/Notion/resources/app-update.yml'",
    stack: "Error: ENOENT: no such file or directory, open '/opt/Notion/resources/app-update.yml'"
  }
}
[2023-08-11 16:04:06.702] [info] {
  level: 'info',
  from: 'AssetCache',
  type: 'errorReadingPath',
  error: {
    name: 'Error',
    message: "ENOENT: no such file or directory, open '/home/arch_enjoyer/.config/notion-app/notionAssetCache-v2/latestVersion.json'",
    stack: "Error: ENOENT: no such file or directory, open '/home/arch_enjoyer/.config/notion-app/notionAssetCache-v2/latestVersion.json'"
  },
  data: {
    message: 'Error reading /home/arch_enjoyer/.config/notion-app/notionAssetCache-v2/latestVersion.json'
  }
}
[2023-08-11 16:04:06.703] [info] {
  level: 'info',
  from: 'AssetCache',
  type: 'currentVersionLoaded',
  data: {}
}
[2023-08-11 16:04:06.703] [info] {
  level: 'info',
  from: 'AssetCache',
  type: 'syncVersionEmptyLatestVersion'
}
[2023-08-11 16:04:06.703] [info] {
  level: 'info',
  from: 'AssetCache',
  type: 'currentSyncedAssetsJson',
  data: {}
}
[2023-08-11 16:04:07.068] [info] {
  level: 'info',
  from: 'AssetCache',
  type: 'appUpdateAvailable',
  data: { version: '23.12.0.178' }
}
[2023-08-11 16:04:12.872] [info] { level: 'info', from: 'AssetCache', type: 'checkingForAppUpdate2' }
[2023-08-11 16:04:12.873] [info] {
  level: 'info',
  from: 'AssetCache',
  type: 'appUpdateDownloadComplete',
  data: { version: '23.12.0.178' }
}
[2023-08-11 16:04:12.873] [info] {
  level: 'info',
  from: 'AssetCache',
  type: 'installingAppUpdate',
  data: { version: '23.12.0.178' }
}
[2023-08-11 16:04:18.685] [info] Checking for update
[2023-08-11 16:04:19.021] [info] {
  level: 'info',
  from: 'AssetCache',
  type: 'latestVersionPath',
  data: {
    message: 'latestVersion.json path /home/arch_enjoyer/.config/notion-app/notionAssetCache-v2/latestVersion.json'
  }
}
[2023-08-11 16:04:19.024] [error] Error: Error: ENOENT: no such file or directory, open '/opt/Notion/resources/app-update.yml'
[2023-08-11 16:04:19.025] [info] {
  level: 'info',
  from: 'autoUpdater',
  type: 'unsupportedLinuxApp',
  error: {
    name: 'Error',
    message: "ENOENT: no such file or directory, open '/opt/Notion/resources/app-update.yml'",
    stack: "Error: ENOENT: no such file or directory, open '/opt/Notion/resources/app-update.yml'"
  }
}
[2023-08-11 16:04:19.035] [info] {
  level: 'info',
  from: 'AssetCache',
  type: 'currentVersionLoaded',
  data: { version: '23.12.0.178', hash: '8c619d1442030f8e903db5735ee9432b' }
}
[2023-08-11 16:04:19.035] [info] {
  level: 'info',
  from: 'AssetCache',
  type: 'syncVersions',
  data: {
    message: 'Sync versions: assets.json path /home/arch_enjoyer/.config/notion-app/notionAssetCache-v2/23.12.0.178/assets.json headers.json path /home/arch_enjoyer/.config/notion-app/notionAssetCache-v2/23.12.0.178/headers.json'
  }
}
[2023-08-11 16:14:12.880] [info] { level: 'info', from: 'AssetCache', type: 'checkingForAppUpdate' }
[2023-08-11 16:14:13.184] [info] { level: 'info', from: 'AssetCache', type: 'noAppUpdateAvailable2' }
[2023-08-11 16:24:14.648] [info] { level: 'info', from: 'AssetCache', type: 'checkingForAppUpdate' }
[2023-08-11 16:24:14.952] [info] { level: 'info', from: 'AssetCache', type: 'noAppUpdateAvailable2' }
[2023-08-11 16:34:14.959] [info] { level: 'info', from: 'AssetCache', type: 'checkingForAppUpdate' }
[2023-08-11 16:34:16.358] [info] { level: 'info', from: 'AssetCache', type: 'noAppUpdateAvailable2' }
[2023-08-11 16:44:16.366] [info] { level: 'info', from: 'AssetCache', type: 'checkingForAppUpdate' }
[2023-08-11 16:44:18.811] [info] { level: 'info', from: 'AssetCache', type: 'noAppUpdateAvailable2' }
[2023-08-11 16:54:18.822] [info] { level: 'info', from: 'AssetCache', type: 'checkingForAppUpdate' }
[2023-08-11 16:54:19.123] [info] { level: 'info', from: 'AssetCache', type: 'noAppUpdateAvailable2' }
[2023-08-11 16:57:03.327] [info] Quitting...
[2023-08-11 16:57:03.327] [info] Killing child process
