2023-08-11 14:00:36 Loading main app package /usr/lib/obsidian/obsidian.asar
2023-08-11 14:00:37 Checking for update using Github
2023-08-11 14:00:37 Success.
2023-08-11 14:00:37 Latest version is 1.3.7
2023-08-11 14:00:37 App is up to date.
2023-08-11 16:16:23 Loading main app package /usr/lib/obsidian/obsidian.asar
2023-08-11 16:16:23 Checking for update using Github
2023-08-11 16:16:24 Success.
2023-08-11 16:16:24 Latest version is 1.3.7
2023-08-11 16:16:24 App is up to date.
2023-08-12 21:32:28 Loading main app package /usr/lib/obsidian/obsidian.asar
2023-08-12 21:32:28 Checking for update using Github
2023-08-12 21:32:29 Success.
2023-08-12 21:32:29 Latest version is 1.3.7
2023-08-12 21:32:29 App is up to date.
2023-08-12 21:53:48 Loading main app package /usr/lib/obsidian/obsidian.asar
2023-08-12 21:53:48 Checking for update using Github
2023-08-12 21:54:19 Loading main app package /usr/lib/obsidian/obsidian.asar
2023-08-12 21:54:19 Checking for update using Github
2023-08-12 22:32:28 Checking for update using Github
2023-08-12 22:32:28 Success.
2023-08-12 22:32:28 Latest version is 1.3.7
2023-08-12 22:32:28 App is up to date.
2023-08-13 12:56:31 Loading main app package /usr/lib/obsidian/obsidian.asar
2023-08-13 12:56:31 Checking for update using Github
2023-08-13 12:56:31 Success.
2023-08-13 12:56:31 Latest version is 1.3.7
2023-08-13 12:56:31 App is up to date.
2023-08-13 13:56:31 Checking for update using Github
2023-08-13 13:56:36 Success.
2023-08-13 13:56:36 Latest version is 1.3.7
2023-08-13 13:56:36 App is up to date.
2023-08-13 14:56:31 Checking for update using Github
2023-08-13 14:56:32 Success.
2023-08-13 14:56:32 Latest version is 1.3.7
2023-08-13 14:56:32 App is up to date.
2023-08-13 15:56:31 Checking for update using Github
2023-08-13 15:56:31 Success.
2023-08-13 15:56:31 Latest version is 1.3.7
2023-08-13 15:56:31 App is up to date.
2023-08-13 16:56:31 Checking for update using Github
2023-08-13 16:56:31 Success.
2023-08-13 16:56:31 Latest version is 1.3.7
2023-08-13 16:56:31 App is up to date.
2023-08-13 17:06:01 Loading main app package /usr/lib/obsidian/obsidian.asar
2023-08-13 17:06:01 Checking for update using Github
2023-08-13 17:06:02 Success.
2023-08-13 17:06:02 Latest version is 1.3.7
2023-08-13 17:06:02 App is up to date.
2023-08-13 18:06:01 Checking for update using Github
2023-08-13 18:06:01 Success.
2023-08-13 18:06:01 Latest version is 1.3.7
2023-08-13 18:06:01 App is up to date.
2023-08-14 11:37:20 Loading main app package /usr/lib/obsidian/obsidian.asar
2023-08-14 11:37:20 Checking for update using Github
2023-08-14 11:37:20 Success.
2023-08-14 11:37:20 Latest version is 1.3.7
2023-08-14 11:37:20 App is up to date.
2023-08-14 12:37:20 Checking for update using Github
2023-08-14 12:37:20 Success.
2023-08-14 12:37:20 Latest version is 1.3.7
2023-08-14 12:37:20 App is up to date.
2023-08-14 13:37:20 Checking for update using Github
2023-08-14 13:37:20 Success.
2023-08-14 13:37:20 Latest version is 1.3.7
2023-08-14 13:37:20 App is up to date.
2023-08-14 14:37:20 Checking for update using Github
2023-08-14 14:37:20 Success.
2023-08-14 14:37:20 Latest version is 1.3.7
2023-08-14 14:37:20 App is up to date.
2023-08-14 15:37:20 Checking for update using Github
2023-08-14 15:37:20 Success.
2023-08-14 15:37:20 Latest version is 1.3.7
2023-08-14 15:37:20 App is up to date.
2023-08-15 10:42:33 Loading main app package /usr/lib/obsidian/obsidian.asar
2023-08-15 10:42:33 Checking for update using Github
2023-08-15 10:42:34 Success.
2023-08-15 10:42:34 Latest version is 1.3.7
2023-08-15 10:42:34 App is up to date.
2023-08-15 11:42:33 Checking for update using Github
2023-08-15 11:42:33 Success.
2023-08-15 11:42:33 Latest version is 1.3.7
2023-08-15 11:42:33 App is up to date.
2023-08-15 12:42:33 Checking for update using Github
2023-08-15 12:42:35 Success.
2023-08-15 12:42:35 Latest version is 1.3.7
2023-08-15 12:42:35 App is up to date.
2023-08-15 12:43:27 Loading main app package /usr/lib/obsidian/obsidian.asar
2023-08-15 12:43:27 Checking for update using Github
2023-08-15 12:43:27 Success.
2023-08-15 12:43:27 Latest version is 1.3.7
2023-08-15 12:43:27 App is up to date.
2023-08-15 14:12:26 Checking for update using Github
2023-08-15 14:12:26 Success.
2023-08-15 14:12:26 Latest version is 1.3.7
2023-08-15 14:12:26 App is up to date.
2023-08-15 15:12:26 Checking for update using Github
2023-08-15 15:12:26 Success.
2023-08-15 15:12:26 Latest version is 1.3.7
2023-08-15 15:12:26 App is up to date.
2023-08-21 12:59:01 Loading main app package /usr/lib/obsidian/obsidian.asar
2023-08-21 12:59:02 Checking for update using Github
2023-08-21 12:59:02 Success.
2023-08-21 12:59:02 Latest version is 1.3.7
2023-08-21 12:59:02 App is up to date.
2023-08-21 13:59:02 Checking for update using Github
2023-08-21 13:59:02 Success.
2023-08-21 13:59:02 Latest version is 1.3.7
2023-08-21 13:59:02 App is up to date.
2023-08-22 14:08:19 Loading main app package /usr/lib/obsidian/obsidian.asar
2023-08-22 14:08:20 Checking for update using Github
2023-08-22 14:08:20 Success.
2023-08-22 14:08:20 Latest version is 1.3.7
2023-08-22 14:08:20 App is up to date.
2023-08-22 15:08:19 Checking for update using Github
2023-08-22 15:08:20 Success.
2023-08-22 15:08:20 Latest version is 1.3.7
2023-08-22 15:08:20 App is up to date.
2023-08-22 16:08:20 Checking for update using Github
2023-08-22 16:08:20 Success.
2023-08-22 16:08:20 Latest version is 1.3.7
2023-08-22 16:08:20 App is up to date.
2023-08-22 17:08:20 Checking for update using Github
2023-08-22 17:08:26 Success.
2023-08-22 17:08:26 Latest version is 1.3.7
2023-08-22 17:08:26 App is up to date.
2023-08-22 19:35:02 Checking for update using Github
2023-08-22 19:35:02 Success.
2023-08-22 19:35:02 Latest version is 1.3.7
2023-08-22 19:35:02 App is up to date.
2023-08-22 20:35:02 Checking for update using Github
2023-08-22 20:35:02 Success.
2023-08-22 20:35:02 Latest version is 1.3.7
2023-08-22 20:35:02 App is up to date.
2023-08-29 11:34:44 Loading main app package /usr/lib/obsidian/obsidian.asar
2023-08-29 11:34:44 Checking for update using Github
2023-08-29 11:34:55 Failed to check for update using Github (net::ERR_NAME_NOT_RESOLVED)
2023-08-29 11:34:55 Checking for update using obsidian.md
2023-08-29 11:35:05 Failed to check for update using obsidian.md (net::ERR_NAME_NOT_RESOLVED)
2023-09-05 13:08:31 Loading main app package /usr/lib/obsidian/obsidian.asar
2023-09-05 13:08:31 Checking for update using Github
2023-09-05 13:08:32 Success.
2023-09-05 13:08:32 Latest version is 1.4.5
2023-09-05 13:08:32 App is up to date.
2023-09-06 10:11:14 Loading main app package /usr/lib/obsidian/obsidian.asar
2023-09-06 10:11:15 Checking for update using Github
2023-09-06 10:11:15 Success.
2023-09-06 10:11:15 Latest version is 1.4.5
2023-09-06 10:11:15 App is up to date.
2023-09-06 11:11:14 Checking for update using Github
2023-09-06 11:11:14 Success.
2023-09-06 11:11:14 Latest version is 1.4.5
2023-09-06 11:11:14 App is up to date.
2023-09-06 12:11:14 Checking for update using Github
2023-09-06 12:11:14 Success.
2023-09-06 12:11:14 Latest version is 1.4.5
2023-09-06 12:11:14 App is up to date.
2023-09-06 13:11:14 Checking for update using Github
2023-09-06 13:11:14 Success.
2023-09-06 13:11:14 Latest version is 1.4.5
2023-09-06 13:11:14 App is up to date.
2023-09-06 14:11:14 Checking for update using Github
2023-09-06 14:11:14 Success.
2023-09-06 14:11:14 Latest version is 1.4.5
2023-09-06 14:11:14 App is up to date.
2023-09-06 18:55:03 Loading main app package /usr/lib/obsidian/obsidian.asar
2023-09-06 18:55:03 Checking for update using Github
2023-09-06 18:55:03 Success.
2023-09-06 18:55:03 Latest version is 1.4.5
2023-09-06 18:55:03 App is up to date.
2023-09-29 00:15:43 Loading main app package /usr/lib/obsidian/obsidian.asar
2023-09-29 00:15:43 Checking for update using Github
2023-09-29 00:15:43 Failed to check for update using Github (net::ERR_INTERNET_DISCONNECTED)
2023-09-29 00:15:43 Checking for update using obsidian.md
2023-09-29 00:15:43 Failed to check for update using obsidian.md (net::ERR_INTERNET_DISCONNECTED)
2023-10-09 16:58:12 Loading main app package /usr/lib/obsidian/obsidian.asar
2023-10-09 16:58:13 Checking for update using Github
2023-10-09 16:58:13 Success.
2023-10-09 16:58:13 Latest version is 1.4.14
2023-10-09 16:58:13 Downloading update from https://github.com/obsidianmd/obsidian-releases/releases/download/v1.4.14/obsidian-1.4.14.asar.gz
2023-10-09 16:58:13 Verifying hash & signature. Size= 8393737
2023-10-09 16:58:13 Saving file
2023-10-09 16:58:14 Update complete.
2023-10-09 17:58:12 Checking for update using Github
2023-10-09 17:58:12 Success.
2023-10-09 17:58:12 Latest version is 1.4.14
2023-10-09 17:58:12 An update is already downloaded.
2023-10-09 19:10:40 Checking for update using Github
2023-10-09 19:10:40 Success.
2023-10-09 19:10:40 Latest version is 1.4.14
2023-10-09 19:10:40 An update is already downloaded.
2023-10-10 09:00:27 Loading main app package /usr/lib/obsidian/obsidian.asar
2023-10-10 09:00:27 Checking for update using Github
2023-10-10 09:00:27 Success.
2023-10-10 09:00:27 Latest version is 1.4.14
2023-10-10 09:00:27 App is up to date.
2023-10-10 09:36:49 Loading main app package /usr/lib/obsidian/obsidian.asar
2023-10-10 09:36:49 Checking for update using Github
2023-10-10 09:36:50 Success.
2023-10-10 09:36:50 Latest version is 1.4.14
2023-10-10 09:36:50 App is up to date.
2023-10-10 10:36:49 Checking for update using Github
2023-10-10 10:36:49 Success.
2023-10-10 10:36:49 Latest version is 1.4.14
2023-10-10 10:36:49 App is up to date.
2023-10-11 12:16:50 Loading main app package /usr/lib/obsidian/obsidian.asar
2023-10-11 12:16:50 Checking for update using Github
2023-10-11 12:16:50 Success.
2023-10-11 12:16:50 Latest version is 1.4.14
2023-10-11 12:16:50 App is up to date.
2023-10-11 12:20:06 Loading main app package /usr/lib/obsidian/obsidian.asar
2023-10-11 12:20:07 Checking for update using Github
2023-10-11 12:20:07 Success.
2023-10-11 12:20:07 Latest version is 1.4.14
2023-10-11 12:20:07 App is up to date.
2023-10-11 13:26:54 Checking for update using Github
2023-10-11 13:26:54 Success.
2023-10-11 13:26:54 Latest version is 1.4.14
2023-10-11 13:26:54 App is up to date.
2023-10-11 14:26:54 Checking for update using Github
2023-10-11 14:26:54 Success.
2023-10-11 14:26:54 Latest version is 1.4.14
2023-10-11 14:26:54 App is up to date.
2023-10-13 12:54:47 Loading main app package /usr/lib/obsidian/obsidian.asar
2023-10-13 12:54:48 Checking for update using Github
2023-10-13 12:54:48 Success.
2023-10-13 12:54:48 Latest version is 1.4.14
2023-10-13 12:54:48 App is up to date.
2023-10-13 13:54:47 Checking for update using Github
2023-10-13 13:54:47 Success.
2023-10-13 13:54:47 Latest version is 1.4.14
2023-10-13 13:54:47 App is up to date.
2023-10-13 15:15:34 Checking for update using Github
2023-10-13 15:15:34 Success.
2023-10-13 15:15:34 Latest version is 1.4.14
2023-10-13 15:15:34 App is up to date.
2023-10-16 15:23:01 Loading main app package /usr/lib/obsidian/obsidian.asar
2023-10-16 15:23:01 Checking for update using Github
2023-10-16 15:23:01 Success.
2023-10-16 15:23:01 Latest version is 1.4.16
2023-10-16 15:23:01 Downloading update from https://github.com/obsidianmd/obsidian-releases/releases/download/v1.4.16/obsidian-1.4.16.asar.gz
2023-10-16 15:23:03 Verifying hash & signature. Size= 8394471
2023-10-16 15:23:03 Saving file
2023-10-16 15:23:03 Update complete.
2023-10-16 14:22:59 Checking for update using Github
2023-10-16 14:22:59 Success.
2023-10-16 14:22:59 Latest version is 1.4.16
2023-10-16 14:22:59 An update is already downloaded.
2023-10-16 15:22:59 Checking for update using Github
2023-10-16 15:22:59 Success.
2023-10-16 15:22:59 Latest version is 1.4.16
2023-10-16 15:22:59 An update is already downloaded.
2023-10-17 11:58:09 Loading updated app package /home/arch_enjoyer/.config/obsidian/obsidian-1.4.16.asar
2023-10-17 11:58:09 Checking for update using Github
2023-10-17 11:58:09 Success.
2023-10-17 11:58:09 Latest version is 1.4.16
2023-10-17 11:58:09 App is up to date.
2023-10-17 12:58:09 Checking for update using Github
2023-10-17 12:58:09 Success.
2023-10-17 12:58:09 Latest version is 1.4.16
2023-10-17 12:58:09 App is up to date.
2023-10-17 14:45:25 Checking for update using Github
2023-10-17 14:45:25 Success.
2023-10-17 14:45:25 Latest version is 1.4.16
2023-10-17 14:45:25 App is up to date.
2023-10-19 08:05:47 Loading updated app package /home/arch_enjoyer/.config/obsidian/obsidian-1.4.16.asar
2023-10-19 08:05:47 Checking for update using Github
2023-10-19 08:05:48 Success.
2023-10-19 08:05:48 Latest version is 1.4.16
2023-10-19 08:05:48 App is up to date.
2023-10-19 09:05:47 Checking for update using Github
2023-10-19 09:05:47 Success.
2023-10-19 09:05:47 Latest version is 1.4.16
2023-10-19 09:05:47 App is up to date.
2023-10-19 10:05:47 Checking for update using Github
2023-10-19 10:05:47 Success.
2023-10-19 10:05:47 Latest version is 1.4.16
2023-10-19 10:05:47 App is up to date.
2023-10-19 12:54:09 Loading updated app package /home/arch_enjoyer/.config/obsidian/obsidian-1.4.16.asar
2023-10-19 12:54:10 Checking for update using Github
2023-10-19 12:54:10 Success.
2023-10-19 12:54:10 Latest version is 1.4.16
2023-10-19 12:54:10 App is up to date.
2023-10-19 13:54:09 Checking for update using Github
2023-10-19 13:54:09 Success.
2023-10-19 13:54:09 Latest version is 1.4.16
2023-10-19 13:54:09 App is up to date.
2023-10-19 14:54:09 Checking for update using Github
2023-10-19 14:54:09 Success.
2023-10-19 14:54:09 Latest version is 1.4.16
2023-10-19 14:54:09 App is up to date.
2023-10-24 15:29:46 Loading updated app package /home/arch_enjoyer/.config/obsidian/obsidian-1.4.16.asar
2023-10-24 15:29:46 Checking for update using Github
2023-10-24 15:29:47 Success.
2023-10-24 15:29:47 Latest version is 1.4.16
2023-10-24 15:29:47 App is up to date.
2023-10-24 14:29:43 Checking for update using Github
2023-10-24 14:29:43 Success.
2023-10-24 14:29:43 Latest version is 1.4.16
2023-10-24 14:29:43 App is up to date.
2023-10-24 14:56:41 Loading updated app package /home/arch_enjoyer/.config/obsidian/obsidian-1.4.16.asar
2023-10-24 14:56:41 Checking for update using Github
2023-10-24 14:56:42 Success.
2023-10-24 14:56:42 Latest version is 1.4.16
2023-10-24 14:56:42 App is up to date.
2023-10-24 15:56:41 Checking for update using Github
2023-10-24 15:56:41 Success.
2023-10-24 15:56:41 Latest version is 1.4.16
2023-10-24 15:56:41 App is up to date.
2023-10-24 16:56:41 Checking for update using Github
2023-10-24 16:56:41 Success.
2023-10-24 16:56:41 Latest version is 1.4.16
2023-10-24 16:56:41 App is up to date.
2023-10-24 17:56:41 Checking for update using Github
2023-10-24 17:56:41 Failed to check for update using Github (net::ERR_INTERNET_DISCONNECTED)
2023-10-24 17:56:41 Checking for update using obsidian.md
2023-10-24 17:56:41 Failed to check for update using obsidian.md (net::ERR_INTERNET_DISCONNECTED)
2023-10-24 18:56:41 Checking for update using Github
2023-10-24 18:56:41 Success.
2023-10-24 18:56:41 Latest version is 1.4.16
2023-10-24 18:56:41 App is up to date.
2023-10-26 12:36:44 Loading updated app package /home/arch_enjoyer/.config/obsidian/obsidian-1.4.16.asar
2023-10-26 12:36:45 Checking for update using Github
2023-10-26 12:36:45 Success.
2023-10-26 12:36:45 Latest version is 1.4.16
2023-10-26 12:36:45 App is up to date.
2023-10-26 13:36:45 Checking for update using Github
2023-10-26 13:36:47 Success.
2023-10-26 13:36:47 Latest version is 1.4.16
2023-10-26 13:36:47 App is up to date.
2023-10-26 14:36:45 Checking for update using Github
2023-10-26 14:36:45 Success.
2023-10-26 14:36:45 Latest version is 1.4.16
2023-10-26 14:36:45 App is up to date.
2023-11-28 11:22:55 Loading updated app package /home/arch_enjoyer/.config/obsidian/obsidian-1.4.16.asar
2023-11-28 11:22:55 Checking for update using Github
2023-11-28 11:22:56 Success.
2023-11-28 11:22:56 Latest version is 1.4.16
2023-11-28 11:22:56 App is up to date.
2023-11-28 12:22:55 Checking for update using Github
2023-11-28 12:22:55 Success.
2023-11-28 12:22:55 Latest version is 1.4.16
2023-11-28 12:22:55 App is up to date.
2023-11-28 14:25:15 Checking for update using Github
2023-11-28 14:25:15 Success.
2023-11-28 14:25:15 Latest version is 1.4.16
2023-11-28 14:25:15 App is up to date.
2023-11-28 15:25:15 Checking for update using Github
2023-11-28 15:25:15 Success.
2023-11-28 15:25:15 Latest version is 1.4.16
2023-11-28 15:25:15 App is up to date.
2023-12-09 10:34:38 Loading main app package /usr/lib/obsidian/obsidian.asar
2023-12-09 10:34:38 Checking for update using Github
2023-12-09 10:34:38 Success.
2023-12-09 10:34:38 Latest version is 1.4.16
2023-12-09 10:34:38 App is up to date.
2023-12-09 11:34:38 Checking for update using Github
2023-12-09 11:34:38 Success.
2023-12-09 11:34:38 Latest version is 1.4.16
2023-12-09 11:34:38 App is up to date.
2023-12-09 12:34:38 Checking for update using Github
2023-12-09 12:34:38 Success.
2023-12-09 12:34:38 Latest version is 1.4.16
2023-12-09 12:34:38 App is up to date.
2023-12-09 13:34:38 Checking for update using Github
2023-12-09 13:34:38 Success.
2023-12-09 13:34:38 Latest version is 1.4.16
2023-12-09 13:34:38 App is up to date.
2023-12-27 12:50:33 Loading main app package /usr/lib/obsidian/obsidian.asar
2023-12-27 12:50:33 Checking for update using Github
2023-12-27 12:50:34 Success.
2023-12-27 12:50:34 Latest version is 1.5.3
2023-12-27 12:50:34 Downloading update from https://github.com/obsidianmd/obsidian-releases/releases/download/v1.5.3/obsidian-1.5.3.asar.gz
2023-12-27 12:50:35 Verifying hash & signature. Size= 8515395
2023-12-27 12:50:35 Saving file
2023-12-27 12:50:36 Update complete.
2024-01-04 11:38:56 Loading main app package /usr/lib/obsidian/obsidian.asar
2024-01-04 11:38:56 Checking for update using Github
2024-01-04 11:38:57 Success.
2024-01-04 11:38:57 Latest version is 1.5.3
2024-01-04 11:38:57 App is up to date.
2024-01-04 12:35:01 Loading main app package /usr/lib/obsidian/obsidian.asar
2024-01-04 12:35:02 Checking for update using Github
2024-01-04 12:35:02 Success.
2024-01-04 12:35:02 Latest version is 1.5.3
2024-01-04 12:35:02 App is up to date.
2024-01-04 13:35:01 Checking for update using Github
2024-01-04 13:35:02 Success.
2024-01-04 13:35:02 Latest version is 1.5.3
2024-01-04 13:35:02 App is up to date.
2024-01-04 14:26:55 Loading main app package /usr/lib/obsidian/obsidian.asar
2024-01-04 14:26:55 Checking for update using Github
2024-01-04 14:26:55 Success.
2024-01-04 14:26:55 Latest version is 1.5.3
2024-01-04 14:26:55 App is up to date.
2024-01-04 15:26:55 Checking for update using Github
2024-01-04 15:26:55 Success.
2024-01-04 15:26:55 Latest version is 1.5.3
2024-01-04 15:26:55 App is up to date.
2024-01-04 15:28:11 Loading main app package /usr/lib/obsidian/obsidian.asar
2024-01-04 15:28:11 Checking for update using Github
2024-01-04 15:28:11 Success.
2024-01-04 15:28:11 Latest version is 1.5.3
2024-01-04 15:28:11 App is up to date.
2024-01-04 16:32:11 Checking for update using Github
2024-01-04 16:32:12 Success.
2024-01-04 16:32:12 Latest version is 1.5.3
2024-01-04 16:32:12 App is up to date.
2024-01-04 17:32:11 Checking for update using Github
2024-01-04 17:32:11 Success.
2024-01-04 17:32:11 Latest version is 1.5.3
2024-01-04 17:32:11 App is up to date.
2024-01-04 17:46:55 Loading main app package /usr/lib/obsidian/obsidian.asar
2024-01-04 17:46:55 Checking for update using Github
2024-01-04 17:46:55 Success.
2024-01-04 17:46:55 Latest version is 1.5.3
2024-01-04 17:46:55 App is up to date.
2024-01-22 12:45:02 Loading main app package /usr/lib/obsidian/obsidian.asar
2024-01-22 12:45:03 Checking for update using Github
2024-01-22 12:45:03 Success.
2024-01-22 12:45:03 Latest version is 1.5.3
2024-01-22 12:45:03 App is up to date.
2024-01-23 08:46:54 Loading main app package /usr/lib/obsidian/obsidian.asar
2024-01-23 08:46:54 Checking for update using Github
2024-01-23 08:46:54 Success.
2024-01-23 08:46:54 Latest version is 1.5.3
2024-01-23 08:46:54 App is up to date.
2024-01-24 10:55:51 Loading main app package /usr/lib/obsidian/obsidian.asar
2024-01-24 10:55:52 Checking for update using Github
2024-01-24 10:55:52 Success.
2024-01-24 10:55:52 Latest version is 1.5.3
2024-01-24 10:55:52 App is up to date.
2024-01-24 11:55:51 Checking for update using Github
2024-01-24 11:55:51 Success.
2024-01-24 11:55:51 Latest version is 1.5.3
2024-01-24 11:55:51 App is up to date.
2024-01-24 12:55:51 Checking for update using Github
2024-01-24 12:55:51 Success.
2024-01-24 12:55:51 Latest version is 1.5.3
2024-01-24 12:55:51 App is up to date.
2024-01-24 13:55:51 Checking for update using Github
2024-01-24 13:55:51 Success.
2024-01-24 13:55:51 Latest version is 1.5.3
2024-01-24 13:55:51 App is up to date.
2024-01-24 15:20:48 Loading main app package /usr/lib/obsidian/obsidian.asar
2024-01-24 15:20:49 Checking for update using Github
2024-01-24 15:20:49 Success.
2024-01-24 15:20:49 Latest version is 1.5.3
2024-01-24 15:20:49 App is up to date.
2024-01-24 16:20:48 Checking for update using Github
2024-01-24 16:20:48 Success.
2024-01-24 16:20:48 Latest version is 1.5.3
2024-01-24 16:20:48 App is up to date.
2024-01-29 10:58:21 Loading main app package /usr/lib/obsidian/obsidian.asar
2024-01-29 10:58:21 Checking for update using Github
2024-01-29 10:58:21 Success.
2024-01-29 10:58:21 Latest version is 1.5.3
2024-01-29 10:58:21 App is up to date.
2024-01-29 11:58:21 Checking for update using Github
2024-01-29 11:58:21 Success.
2024-01-29 11:58:21 Latest version is 1.5.3
2024-01-29 11:58:21 App is up to date.
2024-01-29 12:58:21 Checking for update using Github
2024-01-29 12:58:21 Success.
2024-01-29 12:58:21 Latest version is 1.5.3
2024-01-29 12:58:21 App is up to date.
2024-01-29 14:15:33 Checking for update using Github
2024-01-29 14:15:33 Success.
2024-01-29 14:15:33 Latest version is 1.5.3
2024-01-29 14:15:33 App is up to date.
2024-01-29 15:15:33 Checking for update using Github
2024-01-29 15:15:34 Success.
2024-01-29 15:15:34 Latest version is 1.5.3
2024-01-29 15:15:34 App is up to date.
2024-01-29 16:15:33 Checking for update using Github
2024-01-29 16:15:34 Success.
2024-01-29 16:15:34 Latest version is 1.5.3
2024-01-29 16:15:34 App is up to date.
2024-01-30 09:35:25 Loading main app package /usr/lib/obsidian/obsidian.asar
2024-01-30 09:35:25 Checking for update using Github
2024-01-30 09:35:25 Success.
2024-01-30 09:35:25 Latest version is 1.5.3
2024-01-30 09:35:25 App is up to date.
2024-01-30 10:35:24 Checking for update using Github
2024-01-30 10:35:24 Success.
2024-01-30 10:35:24 Latest version is 1.5.3
2024-01-30 10:35:24 App is up to date.
2024-01-30 11:35:24 Checking for update using Github
2024-01-30 11:35:24 Success.
2024-01-30 11:35:24 Latest version is 1.5.3
2024-01-30 11:35:24 App is up to date.
2024-01-30 13:42:07 Checking for update using Github
2024-01-30 13:42:07 Success.
2024-01-30 13:42:07 Latest version is 1.5.3
2024-01-30 13:42:07 App is up to date.
2024-01-30 14:42:07 Checking for update using Github
2024-01-30 14:42:07 Success.
2024-01-30 14:42:07 Latest version is 1.5.3
2024-01-30 14:42:07 App is up to date.
2024-01-30 15:46:46 Checking for update using Github
2024-01-30 15:46:46 Success.
2024-01-30 15:46:46 Latest version is 1.5.3
2024-01-30 15:46:46 App is up to date.
2024-01-30 16:46:46 Checking for update using Github
2024-01-30 16:46:46 Success.
2024-01-30 16:46:46 Latest version is 1.5.3
2024-01-30 16:46:46 App is up to date.
2024-01-31 10:19:13 Loading main app package /usr/lib/obsidian/obsidian.asar
2024-01-31 10:19:14 Checking for update using Github
2024-01-31 10:19:14 Success.
2024-01-31 10:19:14 Latest version is 1.5.3
2024-01-31 10:19:14 App is up to date.
2024-01-31 11:19:13 Checking for update using Github
2024-01-31 11:19:14 Success.
2024-01-31 11:19:14 Latest version is 1.5.3
2024-01-31 11:19:14 App is up to date.
2024-01-31 12:52:59 Checking for update using Github
2024-01-31 12:52:59 Success.
2024-01-31 12:52:59 Latest version is 1.5.3
2024-01-31 12:52:59 App is up to date.
2024-01-31 13:52:59 Checking for update using Github
2024-01-31 13:52:59 Success.
2024-01-31 13:52:59 Latest version is 1.5.3
2024-01-31 13:52:59 App is up to date.
2024-01-31 14:52:59 Checking for update using Github
2024-01-31 14:52:59 Success.
2024-01-31 14:52:59 Latest version is 1.5.3
2024-01-31 14:52:59 App is up to date.
2024-02-01 09:00:44 Loading main app package /usr/lib/obsidian/obsidian.asar
2024-02-01 09:00:44 Checking for update using Github
2024-02-01 09:00:44 Success.
2024-02-01 09:00:44 Latest version is 1.5.3
2024-02-01 09:00:44 App is up to date.
2024-02-01 10:00:44 Checking for update using Github
2024-02-01 10:00:44 Success.
2024-02-01 10:00:44 Latest version is 1.5.3
2024-02-01 10:00:44 App is up to date.
2024-02-01 11:28:13 Checking for update using Github
2024-02-01 11:28:13 Success.
2024-02-01 11:28:13 Latest version is 1.5.3
2024-02-01 11:28:13 App is up to date.
2024-02-01 12:28:13 Checking for update using Github
2024-02-01 12:28:13 Success.
2024-02-01 12:28:13 Latest version is 1.5.3
2024-02-01 12:28:13 App is up to date.
2024-02-01 13:28:13 Checking for update using Github
2024-02-01 13:28:13 Success.
2024-02-01 13:28:13 Latest version is 1.5.3
2024-02-01 13:28:13 App is up to date.
2024-02-01 14:28:13 Checking for update using Github
2024-02-01 14:28:13 Success.
2024-02-01 14:28:13 Latest version is 1.5.3
2024-02-01 14:28:13 App is up to date.
2024-02-02 11:58:22 Loading main app package /usr/lib/obsidian/obsidian.asar
2024-02-02 11:58:23 Checking for update using Github
2024-02-02 11:58:23 Success.
2024-02-02 11:58:23 Latest version is 1.5.3
2024-02-02 11:58:23 App is up to date.
2024-02-02 12:58:23 Checking for update using Github
2024-02-02 12:58:23 Success.
2024-02-02 12:58:23 Latest version is 1.5.3
2024-02-02 12:58:23 App is up to date.
2024-02-03 09:35:05 Loading main app package /usr/lib/obsidian/obsidian.asar
2024-02-03 09:35:06 Checking for update using Github
2024-02-03 09:35:06 Success.
2024-02-03 09:35:06 Latest version is 1.5.3
2024-02-03 09:35:06 App is up to date.
2024-02-03 11:18:34 Checking for update using Github
2024-02-03 11:18:34 Success.
2024-02-03 11:18:34 Latest version is 1.5.3
2024-02-03 11:18:34 App is up to date.
2024-02-03 12:18:34 Checking for update using Github
2024-02-03 12:18:34 Success.
2024-02-03 12:18:34 Latest version is 1.5.3
2024-02-03 12:18:34 App is up to date.
2024-02-03 13:18:34 Checking for update using Github
2024-02-03 13:18:34 Success.
2024-02-03 13:18:34 Latest version is 1.5.3
2024-02-03 13:18:34 App is up to date.
2024-02-03 14:18:34 Checking for update using Github
2024-02-03 14:18:35 Success.
2024-02-03 14:18:35 Latest version is 1.5.3
2024-02-03 14:18:35 App is up to date.
2024-02-03 15:18:35 Checking for update using Github
2024-02-03 15:18:35 Success.
2024-02-03 15:18:35 Latest version is 1.5.3
2024-02-03 15:18:35 App is up to date.
2024-02-03 16:18:35 Checking for update using Github
2024-02-03 16:18:35 Success.
2024-02-03 16:18:35 Latest version is 1.5.3
2024-02-03 16:18:35 App is up to date.
2024-02-03 17:18:35 Checking for update using Github
2024-02-03 17:18:35 Success.
2024-02-03 17:18:35 Latest version is 1.5.3
2024-02-03 17:18:35 App is up to date.
2024-02-03 18:18:35 Checking for update using Github
2024-02-03 18:18:35 Success.
2024-02-03 18:18:35 Latest version is 1.5.3
2024-02-03 18:18:35 App is up to date.
2024-02-03 19:18:35 Checking for update using Github
2024-02-03 19:18:35 Success.
2024-02-03 19:18:35 Latest version is 1.5.3
2024-02-03 19:18:35 App is up to date.
2024-02-04 14:26:11 Loading main app package /usr/lib/obsidian/obsidian.asar
2024-02-04 14:26:12 Checking for update using Github
2024-02-04 14:26:12 Success.
2024-02-04 14:26:12 Latest version is 1.5.3
2024-02-04 14:26:12 App is up to date.
2024-02-06 14:04:13 Loading main app package /usr/lib/obsidian/obsidian.asar
2024-02-06 14:04:13 Checking for update using Github
2024-02-06 14:04:13 Success.
2024-02-06 14:04:13 Latest version is 1.5.3
2024-02-06 14:04:13 App is up to date.
2024-02-06 14:42:34 Loading main app package /usr/lib/obsidian/obsidian.asar
2024-02-06 14:42:34 Checking for update using Github
2024-02-06 14:42:34 Success.
2024-02-06 14:42:34 Latest version is 1.5.3
2024-02-06 14:42:34 App is up to date.
2024-02-06 15:42:34 Checking for update using Github
2024-02-06 15:42:34 Success.
2024-02-06 15:42:34 Latest version is 1.5.3
2024-02-06 15:42:34 App is up to date.
2024-02-07 11:07:28 Checking for update using Github
2024-02-07 11:07:28 Success.
2024-02-07 11:07:28 Latest version is 1.5.3
2024-02-07 11:07:28 App is up to date.
2024-02-07 12:07:27 Checking for update using Github
2024-02-07 12:07:27 Success.
2024-02-07 12:07:27 Latest version is 1.5.3
2024-02-07 12:07:27 App is up to date.
2024-02-07 13:07:27 Checking for update using Github
2024-02-07 13:07:27 Success.
2024-02-07 13:07:27 Latest version is 1.5.3
2024-02-07 13:07:27 App is up to date.
2024-02-07 14:07:27 Checking for update using Github
2024-02-07 14:07:27 Success.
2024-02-07 14:07:27 Latest version is 1.5.3
2024-02-07 14:07:27 App is up to date.
2024-02-07 15:07:27 Checking for update using Github
2024-02-07 15:07:27 Success.
2024-02-07 15:07:27 Latest version is 1.5.3
2024-02-07 15:07:27 App is up to date.
2024-02-07 16:07:27 Checking for update using Github
2024-02-07 16:07:27 Success.
2024-02-07 16:07:27 Latest version is 1.5.3
2024-02-07 16:07:27 App is up to date.
2024-02-07 17:07:27 Checking for update using Github
2024-02-07 17:07:27 Success.
2024-02-07 17:07:27 Latest version is 1.5.3
2024-02-07 17:07:27 App is up to date.
2024-02-07 18:07:27 Checking for update using Github
2024-02-07 18:07:27 Success.
2024-02-07 18:07:27 Latest version is 1.5.3
2024-02-07 18:07:27 App is up to date.
2024-02-08 11:32:17 Checking for update using Github
2024-02-08 11:32:17 Success.
2024-02-08 11:32:17 Latest version is 1.5.3
2024-02-08 11:32:17 App is up to date.
2024-02-08 12:32:17 Checking for update using Github
2024-02-08 12:32:17 Success.
2024-02-08 12:32:17 Latest version is 1.5.3
2024-02-08 12:32:17 App is up to date.
2024-02-08 14:49:36 Loading main app package /usr/lib/obsidian/obsidian.asar
2024-02-08 14:49:36 Checking for update using Github
2024-02-08 14:49:36 Success.
2024-02-08 14:49:36 Latest version is 1.5.3
2024-02-08 14:49:36 App is up to date.
2024-02-08 17:08:28 Loading main app package /usr/lib/obsidian/obsidian.asar
2024-02-08 17:08:29 Checking for update using Github
2024-02-08 17:08:29 Success.
2024-02-08 17:08:29 Latest version is 1.5.3
2024-02-08 17:08:29 App is up to date.
2024-02-09 09:28:04 Loading main app package /usr/lib/obsidian/obsidian.asar
2024-02-09 09:28:04 Checking for update using Github
2024-02-09 09:28:04 Success.
2024-02-09 09:28:04 Latest version is 1.5.3
2024-02-09 09:28:04 App is up to date.
2024-02-09 11:47:31 Checking for update using Github
2024-02-09 11:47:31 Success.
2024-02-09 11:47:31 Latest version is 1.5.3
2024-02-09 11:47:31 App is up to date.
2024-02-09 12:47:32 Checking for update using Github
2024-02-09 12:47:32 Success.
2024-02-09 12:47:32 Latest version is 1.5.3
2024-02-09 12:47:32 App is up to date.
2024-02-09 13:47:32 Checking for update using Github
2024-02-09 13:47:32 Success.
2024-02-09 13:47:32 Latest version is 1.5.3
2024-02-09 13:47:32 App is up to date.
2024-02-09 16:30:01 Loading main app package /usr/lib/obsidian/obsidian.asar
2024-02-09 16:30:02 Checking for update using Github
2024-02-09 16:30:03 Success.
2024-02-09 16:30:03 Latest version is 1.5.3
2024-02-09 16:30:03 App is up to date.
2024-03-23 19:32:18 Loading main app package /usr/lib/obsidian/obsidian.asar
2024-03-23 19:32:18 Checking for update using Github
2024-03-23 19:32:18 Success.
2024-03-23 19:32:18 Latest version is 1.5.11
2024-03-23 19:32:18 App is up to date.
2024-05-28 16:14:13 Loading main app package /usr/lib/obsidian/obsidian.asar
2024-05-28 16:14:14 Checking for update using Github
2024-05-28 16:14:14 Success.
2024-05-28 16:14:14 Latest version is 1.5.12
2024-05-28 16:14:14 App is up to date.
2024-06-07 21:36:39 Loading main app package /usr/lib/obsidian/obsidian.asar
2024-06-07 21:36:40 Checking for update using Github
2024-06-07 21:36:40 Success.
2024-06-07 21:36:40 Latest version is 1.6.2
2024-06-07 21:36:40 Downloading update from https://github.com/obsidianmd/obsidian-releases/releases/download/v1.6.2/obsidian-1.6.2.asar.gz
2024-06-07 21:36:43 Verifying hash & signature. Size= 8794467
2024-06-07 21:36:43 Saving file
2024-06-07 21:36:44 Update complete.
2024-07-05 19:33:09 Loading main app package /usr/lib/obsidian/obsidian.asar
2024-07-05 19:33:09 Checking for update using Github
2024-07-05 19:33:09 Success.
2024-07-05 19:33:09 Latest version is 1.6.5
2024-07-05 19:33:09 App is up to date.
2024-07-19 16:20:46 Loading main app package /usr/lib/obsidian/obsidian.asar
2024-07-19 16:20:46 Checking for update using Github
2024-07-19 16:20:47 Success.
2024-07-19 16:20:47 Latest version is 1.6.7
2024-07-19 16:20:47 Downloading update from https://github.com/obsidianmd/obsidian-releases/releases/download/v1.6.7/obsidian-1.6.7.asar.gz
2024-07-19 16:20:50 Verifying hash & signature. Size= 7993245
2024-07-19 16:20:50 Saving file
2024-07-19 16:20:50 Update complete.
2024-07-19 17:02:40 Loading updated app package /home/chooka/.config/obsidian/obsidian-1.6.7.asar
2024-07-19 17:02:41 Checking for update using Github
2024-07-19 17:02:41 Success.
2024-07-19 17:02:41 Latest version is 1.6.7
2024-07-19 17:02:41 App is up to date.
2024-07-19 17:04:03 Loading updated app package /home/chooka/.config/obsidian/obsidian-1.6.7.asar
2024-07-19 17:04:04 Checking for update using Github
2024-07-19 17:04:04 Success.
2024-07-19 17:04:04 Latest version is 1.6.7
2024-07-19 17:04:04 App is up to date.
2024-07-19 17:45:30 Loading updated app package /home/chooka/.config/obsidian/obsidian-1.6.7.asar
2024-07-19 17:45:30 Checking for update using Github
2024-07-19 17:45:33 Loading updated app package /home/chooka/.config/obsidian/obsidian-1.6.7.asar
2024-07-19 17:45:34 Checking for update using Github
2024-07-19 17:46:52 Loading updated app package /home/chooka/.config/obsidian/obsidian-1.6.7.asar
2024-07-19 17:46:52 Checking for update using Github
2024-07-19 18:04:03 Checking for update using Github
2024-07-19 18:04:03 Success.
2024-07-19 18:04:03 Latest version is 1.6.7
2024-07-19 18:04:03 App is up to date.
2024-07-19 19:04:03 Checking for update using Github
2024-07-19 19:04:04 Success.
2024-07-19 19:04:04 Latest version is 1.6.7
2024-07-19 19:04:04 App is up to date.
2024-07-19 19:13:13 Loading updated app package /home/chooka/.config/obsidian/obsidian-1.6.7.asar
2024-07-19 19:13:14 Checking for update using Github
2024-07-19 19:13:14 Success.
2024-07-19 19:13:14 Latest version is 1.6.7
2024-07-19 19:13:14 App is up to date.
2024-07-19 20:13:14 Checking for update using Github
2024-07-19 20:13:14 Success.
2024-07-19 20:13:14 Latest version is 1.6.7
2024-07-19 20:13:14 App is up to date.
2024-07-20 19:38:27 Checking for update using Github
2024-07-20 19:38:27 Success.
2024-07-20 19:38:27 Latest version is 1.6.7
2024-07-20 19:38:27 App is up to date.
2024-07-20 20:38:27 Checking for update using Github
2024-07-20 20:38:27 Success.
2024-07-20 20:38:27 Latest version is 1.6.7
2024-07-20 20:38:27 App is up to date.
2024-07-25 11:30:14 Loading main app package /usr/lib/obsidian/obsidian.asar
2024-07-25 11:30:14 Checking for update using Github
2024-07-25 11:30:15 Success.
2024-07-25 11:30:15 Latest version is 1.6.7
2024-07-25 11:30:15 App is up to date.
2024-07-25 12:30:13 Checking for update using Github
2024-07-25 12:30:14 Success.
2024-07-25 12:30:14 Latest version is 1.6.7
2024-07-25 12:30:14 App is up to date.
2024-07-25 17:22:25 Checking for update using Github
2024-07-25 17:22:26 Success.
2024-07-25 17:22:26 Latest version is 1.6.7
2024-07-25 17:22:26 App is up to date.
2024-07-25 19:10:27 Checking for update using Github
2024-07-25 19:10:27 Success.
2024-07-25 19:10:27 Latest version is 1.6.7
2024-07-25 19:10:27 App is up to date.
2024-07-26 08:24:25 Checking for update using Github
2024-07-26 08:24:25 Success.
2024-07-26 08:24:25 Latest version is 1.6.7
2024-07-26 08:24:25 App is up to date.
2024-07-26 19:00:34 Checking for update using Github
2024-07-26 19:00:34 Success.
2024-07-26 19:00:34 Latest version is 1.6.7
2024-07-26 19:00:34 App is up to date.
2024-07-27 14:30:49 Checking for update using Github
2024-07-27 14:30:49 Success.
2024-07-27 14:30:49 Latest version is 1.6.7
2024-07-27 14:30:49 App is up to date.
2024-07-27 15:30:49 Checking for update using Github
2024-07-27 15:30:49 Success.
2024-07-27 15:30:49 Latest version is 1.6.7
2024-07-27 15:30:49 App is up to date.
2024-07-27 16:30:49 Checking for update using Github
2024-07-27 16:30:50 Success.
2024-07-27 16:30:50 Latest version is 1.6.7
2024-07-27 16:30:50 App is up to date.
2024-07-27 17:30:49 Checking for update using Github
2024-07-27 17:30:50 Success.
2024-07-27 17:30:50 Latest version is 1.6.7
2024-07-27 17:30:50 App is up to date.
2024-07-27 18:30:49 Checking for update using Github
2024-07-27 18:30:49 Success.
2024-07-27 18:30:49 Latest version is 1.6.7
2024-07-27 18:30:49 App is up to date.
2024-07-27 19:30:49 Checking for update using Github
2024-07-27 19:30:50 Success.
2024-07-27 19:30:50 Latest version is 1.6.7
2024-07-27 19:30:50 App is up to date.
2024-07-28 09:19:20 Checking for update using Github
2024-07-28 09:19:20 Success.
2024-07-28 09:19:20 Latest version is 1.6.7
2024-07-28 09:19:20 App is up to date.
2024-07-28 12:22:02 Checking for update using Github
2024-07-28 12:22:02 Success.
2024-07-28 12:22:02 Latest version is 1.6.7
2024-07-28 12:22:02 App is up to date.
2024-07-28 13:22:02 Checking for update using Github
2024-07-28 13:22:07 Success.
2024-07-28 13:22:07 Latest version is 1.6.7
2024-07-28 13:22:07 App is up to date.
2024-07-28 14:22:02 Checking for update using Github
2024-07-28 14:22:08 Success.
2024-07-28 14:22:08 Latest version is 1.6.7
2024-07-28 14:22:08 App is up to date.
2024-07-28 15:22:02 Checking for update using Github
2024-07-28 15:22:03 Success.
2024-07-28 15:22:03 Latest version is 1.6.7
2024-07-28 15:22:03 App is up to date.
2024-07-28 16:22:02 Checking for update using Github
2024-07-28 16:22:02 Success.
2024-07-28 16:22:02 Latest version is 1.6.7
2024-07-28 16:22:02 App is up to date.
2024-07-29 06:48:05 Checking for update using Github
2024-07-29 06:48:05 Failed to check for update using Github (net::ERR_INTERNET_DISCONNECTED)
2024-07-29 06:48:05 Checking for update using obsidian.md
2024-07-29 06:48:05 Failed to check for update using obsidian.md (net::ERR_INTERNET_DISCONNECTED)
2024-07-29 07:48:05 Checking for update using Github
2024-07-29 07:48:05 Failed to check for update using Github (net::ERR_INTERNET_DISCONNECTED)
2024-07-29 07:48:05 Checking for update using obsidian.md
2024-07-29 07:48:05 Failed to check for update using obsidian.md (net::ERR_INTERNET_DISCONNECTED)
2024-07-29 09:40:12 Checking for update using Github
2024-07-29 09:40:12 Failed to check for update using Github (net::ERR_INTERNET_DISCONNECTED)
2024-07-29 09:40:12 Checking for update using obsidian.md
2024-07-29 09:40:12 Failed to check for update using obsidian.md (net::ERR_INTERNET_DISCONNECTED)
2024-07-29 10:40:12 Checking for update using Github
2024-07-29 10:40:12 Failed to check for update using Github (net::ERR_INTERNET_DISCONNECTED)
2024-07-29 10:40:12 Checking for update using obsidian.md
2024-07-29 10:40:12 Failed to check for update using obsidian.md (net::ERR_INTERNET_DISCONNECTED)
2024-07-30 19:43:36 Loading main app package /usr/lib/obsidian/obsidian.asar
2024-07-30 19:43:37 Checking for update using Github
2024-07-30 19:43:37 Success.
2024-07-30 19:43:37 Latest version is 1.6.7
2024-07-30 19:43:37 App is up to date.
2024-07-31 06:29:45 Loading main app package /usr/lib/obsidian/obsidian.asar
2024-07-31 06:29:46 Checking for update using Github
2024-07-31 06:29:46 Success.
2024-07-31 06:29:46 Latest version is 1.6.7
2024-07-31 06:29:46 App is up to date.
2024-07-31 06:51:06 Loading main app package /usr/lib/obsidian/obsidian.asar
2024-07-31 06:51:06 Checking for update using Github
2024-07-31 07:05:07 Loading main app package /usr/lib/obsidian/obsidian.asar
2024-07-31 07:05:07 Checking for update using Github
2024-07-31 07:29:45 Checking for update using Github
2024-07-31 07:29:45 Success.
2024-07-31 07:29:45 Latest version is 1.6.7
2024-07-31 07:29:45 App is up to date.
2024-07-31 08:35:54 Loading main app package /usr/lib/obsidian/obsidian.asar
2024-07-31 08:35:54 Checking for update using Github
2024-07-31 08:35:55 Loading main app package /usr/lib/obsidian/obsidian.asar
2024-07-31 08:35:55 Checking for update using Github
2024-07-31 08:36:16 Loading main app package /usr/lib/obsidian/obsidian.asar
2024-07-31 08:36:16 Checking for update using Github
2024-07-31 09:14:36 Checking for update using Github
2024-07-31 09:14:36 Success.
2024-07-31 09:14:36 Latest version is 1.6.7
2024-07-31 09:14:36 App is up to date.
2024-07-31 10:14:36 Checking for update using Github
2024-07-31 10:14:36 Success.
2024-07-31 10:14:36 Latest version is 1.6.7
2024-07-31 10:14:36 App is up to date.
2024-07-31 11:14:36 Checking for update using Github
2024-07-31 11:14:36 Success.
2024-07-31 11:14:36 Latest version is 1.6.7
2024-07-31 11:14:36 App is up to date.
2024-07-31 15:57:18 Checking for update using Github
2024-07-31 15:57:19 Success.
2024-07-31 15:57:19 Latest version is 1.6.7
2024-07-31 15:57:19 App is up to date.
2024-08-01 06:30:43 Loading main app package /usr/lib/obsidian/obsidian.asar
2024-08-01 06:30:43 Checking for update using Github
2024-08-01 06:30:43 Success.
2024-08-01 06:30:43 Latest version is 1.6.7
2024-08-01 06:30:43 App is up to date.
2024-08-01 06:33:46 Loading main app package /usr/lib/obsidian/obsidian.asar
2024-08-01 06:33:47 Checking for update using Github
2024-08-01 07:30:43 Checking for update using Github
2024-08-01 07:30:43 Success.
2024-08-01 07:30:43 Latest version is 1.6.7
2024-08-01 07:30:43 App is up to date.
2024-08-01 08:44:05 Checking for update using Github
2024-08-01 08:44:05 Success.
2024-08-01 08:44:05 Latest version is 1.6.7
2024-08-01 08:44:05 App is up to date.
2024-08-01 09:44:05 Checking for update using Github
2024-08-01 09:44:05 Success.
2024-08-01 09:44:05 Latest version is 1.6.7
2024-08-01 09:44:05 App is up to date.
2024-08-01 10:44:05 Checking for update using Github
2024-08-01 10:44:05 Success.
2024-08-01 10:44:05 Latest version is 1.6.7
2024-08-01 10:44:05 App is up to date.
2024-08-01 11:32:04 Loading main app package /usr/lib/obsidian/obsidian.asar
2024-08-01 11:32:04 Checking for update using Github
2024-08-01 11:32:42 Loading main app package /usr/lib/obsidian/obsidian.asar
2024-08-01 11:32:42 Checking for update using Github
2024-08-01 11:36:29 Loading main app package /usr/lib/obsidian/obsidian.asar
2024-08-01 11:36:29 Checking for update using Github
2024-08-01 11:39:46 Loading main app package /usr/lib/obsidian/obsidian.asar
2024-08-01 11:39:46 Checking for update using Github
2024-08-01 11:39:55 Loading main app package /usr/lib/obsidian/obsidian.asar
2024-08-01 11:39:56 Checking for update using Github
2024-08-01 11:40:03 Loading main app package /usr/lib/obsidian/obsidian.asar
2024-08-01 11:40:03 Checking for update using Github
2024-08-01 11:44:05 Checking for update using Github
2024-08-01 11:44:05 Success.
2024-08-01 11:44:05 Latest version is 1.6.7
2024-08-01 11:44:05 App is up to date.
2024-08-01 11:45:51 Loading main app package /usr/lib/obsidian/obsidian.asar
2024-08-01 11:45:52 Checking for update using Github
2024-08-01 11:50:03 Loading main app package /usr/lib/obsidian/obsidian.asar
2024-08-01 11:50:03 Checking for update using Github
2024-08-01 11:51:58 Loading main app package /usr/lib/obsidian/obsidian.asar
2024-08-01 11:51:58 Checking for update using Github
2024-08-01 11:53:11 Loading main app package /usr/lib/obsidian/obsidian.asar
2024-08-01 11:53:11 Checking for update using Github
2024-08-01 11:58:57 Loading main app package /usr/lib/obsidian/obsidian.asar
2024-08-01 11:58:57 Checking for update using Github
2024-08-01 11:59:02 Loading main app package /usr/lib/obsidian/obsidian.asar
2024-08-01 11:59:03 Checking for update using Github
2024-08-01 12:07:44 Loading main app package /usr/lib/obsidian/obsidian.asar
2024-08-01 12:07:44 Checking for update using Github
2024-08-01 12:08:56 Loading main app package /usr/lib/obsidian/obsidian.asar
2024-08-01 12:08:57 Checking for update using Github
2024-08-01 12:09:35 Loading main app package /usr/lib/obsidian/obsidian.asar
2024-08-01 12:09:35 Checking for update using Github
2024-08-01 12:44:05 Checking for update using Github
2024-08-01 12:44:05 Success.
2024-08-01 12:44:05 Latest version is 1.6.7
2024-08-01 12:44:05 App is up to date.
2024-08-01 12:53:20 Loading main app package /usr/lib/obsidian/obsidian.asar
2024-08-01 12:53:20 Checking for update using Github
2024-08-01 13:44:05 Checking for update using Github
2024-08-01 13:44:05 Success.
2024-08-01 13:44:05 Latest version is 1.6.7
2024-08-01 13:44:05 App is up to date.
2024-08-01 14:44:05 Checking for update using Github
2024-08-01 14:44:05 Success.
2024-08-01 14:44:05 Latest version is 1.6.7
2024-08-01 14:44:05 App is up to date.
2024-08-02 08:52:41 Checking for update using Github
2024-08-02 08:52:41 Success.
2024-08-02 08:52:41 Latest version is 1.6.7
2024-08-02 08:52:41 App is up to date.
2024-08-02 09:56:32 Checking for update using Github
2024-08-02 09:56:32 Success.
2024-08-02 09:56:32 Latest version is 1.6.7
2024-08-02 09:56:32 App is up to date.
2024-08-02 11:07:34 Checking for update using Github
2024-08-02 11:07:34 Success.
2024-08-02 11:07:34 Latest version is 1.6.7
2024-08-02 11:07:34 App is up to date.
2024-08-03 14:22:36 Loading main app package /usr/lib/obsidian/obsidian.asar
2024-08-03 14:22:36 Checking for update using Github
2024-08-03 14:22:36 Success.
2024-08-03 14:22:36 Latest version is 1.6.7
2024-08-03 14:22:36 App is up to date.
2024-08-03 15:22:36 Checking for update using Github
2024-08-03 15:22:36 Success.
2024-08-03 15:22:36 Latest version is 1.6.7
2024-08-03 15:22:36 App is up to date.
2024-08-04 09:48:28 Checking for update using Github
2024-08-04 09:48:28 Success.
2024-08-04 09:48:28 Latest version is 1.6.7
2024-08-04 09:48:28 App is up to date.
2024-08-04 10:48:28 Checking for update using Github
2024-08-04 10:48:28 Success.
2024-08-04 10:48:28 Latest version is 1.6.7
2024-08-04 10:48:28 App is up to date.
2024-08-04 11:48:28 Checking for update using Github
2024-08-04 11:48:33 Success.
2024-08-04 11:48:33 Latest version is 1.6.7
2024-08-04 11:48:33 App is up to date.
2024-08-04 12:48:28 Checking for update using Github
2024-08-04 12:48:28 Success.
2024-08-04 12:48:28 Latest version is 1.6.7
2024-08-04 12:48:28 App is up to date.
2024-08-04 13:48:28 Checking for update using Github
2024-08-04 13:48:28 Success.
2024-08-04 13:48:28 Latest version is 1.6.7
2024-08-04 13:48:28 App is up to date.
2024-08-04 14:48:28 Checking for update using Github
2024-08-04 14:48:28 Success.
2024-08-04 14:48:28 Latest version is 1.6.7
2024-08-04 14:48:28 App is up to date.
2024-08-04 15:48:28 Checking for update using Github
2024-08-04 15:48:33 Success.
2024-08-04 15:48:33 Latest version is 1.6.7
2024-08-04 15:48:33 App is up to date.
2024-08-04 16:48:28 Checking for update using Github
2024-08-04 16:48:28 Success.
2024-08-04 16:48:28 Latest version is 1.6.7
2024-08-04 16:48:28 App is up to date.
2024-08-04 17:48:28 Checking for update using Github
2024-08-04 17:48:34 Success.
2024-08-04 17:48:34 Latest version is 1.6.7
2024-08-04 17:48:34 App is up to date.
2024-08-04 18:48:28 Checking for update using Github
2024-08-04 18:48:28 Success.
2024-08-04 18:48:28 Latest version is 1.6.7
2024-08-04 18:48:28 App is up to date.
2024-08-04 20:10:00 Checking for update using Github
2024-08-04 20:10:00 Success.
2024-08-04 20:10:00 Latest version is 1.6.7
2024-08-04 20:10:00 App is up to date.
2024-08-05 07:21:41 Loading main app package /usr/lib/obsidian/obsidian.asar
2024-08-05 07:21:42 Checking for update using Github
2024-08-05 07:21:42 Success.
2024-08-05 07:21:42 Latest version is 1.6.7
2024-08-05 07:21:42 App is up to date.
2024-08-05 08:21:41 Checking for update using Github
2024-08-05 08:21:42 Success.
2024-08-05 08:21:42 Latest version is 1.6.7
2024-08-05 08:21:42 App is up to date.
2024-08-05 09:21:42 Checking for update using Github
2024-08-05 09:21:42 Success.
2024-08-05 09:21:42 Latest version is 1.6.7
2024-08-05 09:21:42 App is up to date.
2024-08-05 11:34:48 Checking for update using Github
2024-08-05 11:34:48 Success.
2024-08-05 11:34:48 Latest version is 1.6.7
2024-08-05 11:34:48 App is up to date.
2024-08-05 18:59:21 Loading main app package /usr/lib/obsidian/obsidian.asar
2024-08-05 18:59:21 Checking for update using Github
2024-08-05 18:59:22 Success.
2024-08-05 18:59:22 Latest version is 1.6.7
2024-08-05 18:59:22 App is up to date.
2024-08-05 19:59:21 Checking for update using Github
2024-08-05 19:59:21 Success.
2024-08-05 19:59:21 Latest version is 1.6.7
2024-08-05 19:59:21 App is up to date.
2024-08-06 07:01:10 Loading main app package /usr/lib/obsidian/obsidian.asar
2024-08-06 07:01:10 Checking for update using Github
2024-08-06 07:01:10 Success.
2024-08-06 07:01:10 Latest version is 1.6.7
2024-08-06 07:01:10 App is up to date.
2024-08-06 08:56:58 Checking for update using Github
2024-08-06 08:56:58 Success.
2024-08-06 08:56:58 Latest version is 1.6.7
2024-08-06 08:56:58 App is up to date.
2024-08-06 09:56:58 Checking for update using Github
2024-08-06 09:56:58 Success.
2024-08-06 09:56:58 Latest version is 1.6.7
2024-08-06 09:56:58 App is up to date.
2024-08-06 15:10:19 Checking for update using Github
2024-08-06 15:10:19 Success.
2024-08-06 15:10:19 Latest version is 1.6.7
2024-08-06 15:10:19 App is up to date.
2024-08-06 16:10:19 Checking for update using Github
2024-08-06 16:10:20 Success.
2024-08-06 16:10:20 Latest version is 1.6.7
2024-08-06 16:10:20 App is up to date.
2024-08-06 17:10:19 Checking for update using Github
2024-08-06 17:10:20 Success.
2024-08-06 17:10:20 Latest version is 1.6.7
2024-08-06 17:10:20 App is up to date.
2024-08-06 18:10:19 Checking for update using Github
2024-08-06 18:10:20 Success.
2024-08-06 18:10:20 Latest version is 1.6.7
2024-08-06 18:10:20 App is up to date.
2024-08-08 19:35:07 Loading main app package /usr/lib/obsidian/obsidian.asar
2024-08-08 19:35:07 Checking for update using Github
2024-08-08 19:35:18 Success.
2024-08-08 19:35:18 Latest version is 1.6.7
2024-08-08 19:35:18 App is up to date.
2024-08-08 20:35:07 Checking for update using Github
2024-08-08 20:35:07 Success.
2024-08-08 20:35:07 Latest version is 1.6.7
2024-08-08 20:35:07 App is up to date.
